app/build/outputs/logs/manifest-merger-debug-report.txt
-- Merging decision tree log ---
manifest
ADDED from src\main\AndroidManifest.xml:2:1-45:12
INJECTED from src\main\AndroidManifest.xml:2:1-45:12
INJECTED from src\main\AndroidManifest.xml:2:1-45:12
INJECTED from src\main\AndroidManifest.xml:2:1-45:12
MERGED from [com.android.databinding:adapters:3.1.3] AndroidManifest.xml:17:1-24:12
MERGED from [com.android.databinding:library:3.1.3] AndroidManifest.xml:17:1-24:12
MERGED from [com.android.support:design:28.0.0] AndroidManifest.xml:17:1-24:12
MERGED from [com.android.support:appcompat-v7:28.0.0] AndroidManifest.xml:17:1-22:12
MERGED from [com.android.support.constraint:constraint-layout:1.1.3] AndroidManifest.xml:2:1-11:12
MERGED from [com.google.firebase:firebase-messaging:17.3.4] AndroidManifest.xml:17:1-37:12
MERGED from [com.google.firebase:firebase-iid:17.0.4] AndroidManifest.xml:17:1-59:12
MERGED from [com.google.firebase:firebase-common:16.0.3] AndroidManifest.xml:2:1-17:12
MERGED from [com.google.firebase:firebase-iid-interop:16.0.1] AndroidManifest.xml:2:1-10:12
MERGED from [com.google.android.gms:play-services-base:16.0.1] AndroidManifest.xml:17:1-29:12
MERGED from [com.google.android.gms:play-services-tasks:16.0.1] AndroidManifest.xml:2:1-9:12
MERGED from [com.google.firebase:firebase-measurement-connector:17.0.1] AndroidManifest.xml:17:1-25:12
MERGED from [com.google.android.gms:play-services-stats:16.0.1] AndroidManifest.xml:2:1-9:12
MERGED from [com.google.android.gms:play-services-basement:16.0.1] AndroidManifest.xml:17:1-28:12
MERGED from [com.android.support:support-v4:28.0.0] AndroidManifest.xml:17:1-22:12
MERGED from [com.android.support:support-fragment:28.0.0] AndroidManifest.xml:17:1-22:12
MERGED from [com.android.support:animated-vector-drawable:28.0.0] AndroidManifest.xml:17:1-22:12
MERGED from [com.android.support:support-vector-drawable:28.0.0] AndroidManifest.xml:17:1-22:12
MERGED from [com.android.support:recyclerview-v7:28.0.0] AndroidManifest.xml:17:1-22:12
MERGED from [com.android.support:support-core-ui:28.0.0] AndroidManifest.xml:17:1-22:12
MERGED from [com.android.support:transition:28.0.0] AndroidManifest.xml:17:1-22:12
MERGED from [com.android.support:support-core-utils:28.0.0] AndroidManifest.xml:17:1-22:12
MERGED from [com.android.support:loader:28.0.0] AndroidManifest.xml:17:1-22:12
MERGED from [com.android.support:viewpager:28.0.0] AndroidManifest.xml:17:1-22:12
MERGED from [com.android.support:coordinatorlayout:28.0.0] AndroidManifest.xml:17:1-22:12
MERGED from [com.android.support:drawerlayout:28.0.0] AndroidManifest.xml:17:1-22:12
MERGED from [com.android.support:slidingpanelayout:28.0.0] AndroidManifest.xml:17:1-22:12
MERGED from [com.android.support:customview:28.0.0] AndroidManifest.xml:17:1-22:12
MERGED from [com.android.support:swiperefreshlayout:28.0.0] AndroidManifest.xml:17:1-22:12
MERGED from [com.android.support:asynclayoutinflater:28.0.0] AndroidManifest.xml:17:1-22:12
MERGED from [com.android.support:support-media-compat:28.0.0] AndroidManifest.xml:17:1-22:12
MERGED from [com.android.support:support-compat:28.0.0] AndroidManifest.xml:17:1-24:12
MERGED from [android.arch.lifecycle:runtime:1.1.1] AndroidManifest.xml:17:1-22:12
MERGED from [com.android.support:versionedparcelable:28.0.0] AndroidManifest.xml:17:1-25:12
MERGED from [com.android.support:cursoradapter:28.0.0] AndroidManifest.xml:17:1-22:12
MERGED from [com.android.support:cardview-v7:28.0.0] AndroidManifest.xml:17:1-22:12
MERGED from [android.arch.lifecycle:viewmodel:1.1.1] AndroidManifest.xml:17:1-22:12
MERGED from [com.android.support:interpolator:28.0.0] AndroidManifest.xml:17:1-22:12
MERGED from [android.arch.lifecycle:livedata:1.1.1] AndroidManifest.xml:17:1-22:12
MERGED from [android.arch.lifecycle:livedata-core:1.1.1] AndroidManifest.xml:17:1-22:12
MERGED from [android.arch.core:runtime:1.1.1] AndroidManifest.xml:17:1-22:12
MERGED from [com.android.support:documentfile:28.0.0] AndroidManifest.xml:17:1-22:12
MERGED from [com.android.support:localbroadcastmanager:28.0.0] AndroidManifest.xml:17:1-22:12
MERGED from [com.android.support:print:28.0.0] AndroidManifest.xml:17:1-22:12
INJECTED from src\main\AndroidManifest.xml:2:1-45:12
INJECTED from src\main\AndroidManifest.xml:2:1-45:12
INJECTED from src\main\AndroidManifest.xml:2:1-45:12
	package
		ADDED from src\main\AndroidManifest.xml:3:5-32
		INJECTED from src\main\AndroidManifest.xml
		INJECTED from src\main\AndroidManifest.xml
	android:versionName
		INJECTED from src\main\AndroidManifest.xml
		ADDED from src\main\AndroidManifest.xml:2:1-45:12
		INJECTED from src\main\AndroidManifest.xml
	android:versionCode
		INJECTED from src\main\AndroidManifest.xml
		ADDED from src\main\AndroidManifest.xml:2:1-45:12
		INJECTED from src\main\AndroidManifest.xml
	xmlns:android
		ADDED from src\main\AndroidManifest.xml:2:11-69
uses-permission#android.permission.INTERNET
ADDED from src\main\AndroidManifest.xml:5:5-67
MERGED from [com.google.firebase:firebase-iid:17.0.4] AndroidManifest.xml:23:5-67
MERGED from [com.google.firebase:firebase-iid:17.0.4] AndroidManifest.xml:23:5-67
	android:name
		ADDED from src\main\AndroidManifest.xml:5:22-64
application
ADDED from src\main\AndroidManifest.xml:7:5-43:19
MERGED from [com.android.support:design:28.0.0] AndroidManifest.xml:22:5-20
MERGED from [com.android.support:design:28.0.0] AndroidManifest.xml:22:5-20
MERGED from [com.android.support.constraint:constraint-layout:1.1.3] AndroidManifest.xml:9:5-20
MERGED from [com.android.support.constraint:constraint-layout:1.1.3] AndroidManifest.xml:9:5-20
MERGED from [com.google.firebase:firebase-messaging:17.3.4] AndroidManifest.xml:22:5-35:19
MERGED from [com.google.firebase:firebase-messaging:17.3.4] AndroidManifest.xml:22:5-35:19
MERGED from [com.google.firebase:firebase-iid:17.0.4] AndroidManifest.xml:28:5-57:19
MERGED from [com.google.firebase:firebase-iid:17.0.4] AndroidManifest.xml:28:5-57:19
MERGED from [com.google.firebase:firebase-common:16.0.3] AndroidManifest.xml:9:5-15:19
MERGED from [com.google.firebase:firebase-common:16.0.3] AndroidManifest.xml:9:5-15:19
MERGED from [com.google.firebase:firebase-iid-interop:16.0.1] AndroidManifest.xml:7:5-8:19
MERGED from [com.google.firebase:firebase-iid-interop:16.0.1] AndroidManifest.xml:7:5-8:19
MERGED from [com.google.android.gms:play-services-base:16.0.1] AndroidManifest.xml:22:5-27:19
MERGED from [com.google.android.gms:play-services-base:16.0.1] AndroidManifest.xml:22:5-27:19
MERGED from [com.google.android.gms:play-services-tasks:16.0.1] AndroidManifest.xml:7:5-20
MERGED from [com.google.android.gms:play-services-tasks:16.0.1] AndroidManifest.xml:7:5-20
MERGED from [com.google.firebase:firebase-measurement-connector:17.0.1] AndroidManifest.xml:22:5-23:19
MERGED from [com.google.firebase:firebase-measurement-connector:17.0.1] AndroidManifest.xml:22:5-23:19
MERGED from [com.google.android.gms:play-services-stats:16.0.1] AndroidManifest.xml:7:5-20
MERGED from [com.google.android.gms:play-services-stats:16.0.1] AndroidManifest.xml:7:5-20
MERGED from [com.google.android.gms:play-services-basement:16.0.1] AndroidManifest.xml:22:5-26:19
MERGED from [com.google.android.gms:play-services-basement:16.0.1] AndroidManifest.xml:22:5-26:19
MERGED from [com.android.support:support-compat:28.0.0] AndroidManifest.xml:22:5-94
MERGED from [com.android.support:support-compat:28.0.0] AndroidManifest.xml:22:5-94
MERGED from [com.android.support:versionedparcelable:28.0.0] AndroidManifest.xml:22:5-23:19
MERGED from [com.android.support:versionedparcelable:28.0.0] AndroidManifest.xml:22:5-23:19
	android:appComponentFactory
		ADDED from [com.android.support:support-compat:28.0.0] AndroidManifest.xml:22:18-91
	android:supportsRtl
		ADDED from src\main\AndroidManifest.xml:12:9-35
	android:label
		ADDED from src\main\AndroidManifest.xml:10:9-41
	android:roundIcon
		ADDED from src\main\AndroidManifest.xml:11:9-54
	android:icon
		ADDED from src\main\AndroidManifest.xml:9:9-43
	android:allowBackup
		ADDED from src\main\AndroidManifest.xml:8:9-35
	android:theme
		ADDED from src\main\AndroidManifest.xml:13:9-40
activity#gol.four.ldcc.gol.activity.admin.AdminMenuActivity
ADDED from src\main\AndroidManifest.xml:14:9-16:68
	android:theme
		ADDED from src\main\AndroidManifest.xml:16:13-56
	android:name
		ADDED from src\main\AndroidManifest.xml:15:13-61
activity#gol.four.ldcc.gol.activity.admin.DoorManageActivity
ADDED from src\main\AndroidManifest.xml:17:9-71
	android:name
		ADDED from src\main\AndroidManifest.xml:17:19-68
activity#gol.four.ldcc.gol.activity.worker.DoorActivity
ADDED from src\main\AndroidManifest.xml:18:9-66
	android:name
		ADDED from src\main\AndroidManifest.xml:18:19-63
activity#gol.four.ldcc.gol.activity.admin.ItemManageActivity
ADDED from src\main\AndroidManifest.xml:19:9-71
	android:name
		ADDED from src\main\AndroidManifest.xml:19:19-68
activity#gol.four.ldcc.gol.activity.LoginActivity
ADDED from src\main\AndroidManifest.xml:20:9-26:20
	android:name
		ADDED from src\main\AndroidManifest.xml:20:19-57
intent-filter#action:name:android.intent.action.MAIN+category:name:android.intent.category.LAUNCHER
ADDED from src\main\AndroidManifest.xml:21:13-25:29
action#android.intent.action.MAIN
ADDED from src\main\AndroidManifest.xml:22:17-69
	android:name
		ADDED from src\main\AndroidManifest.xml:22:25-66
category#android.intent.category.LAUNCHER
ADDED from src\main\AndroidManifest.xml:24:17-77
	android:name
		ADDED from src\main\AndroidManifest.xml:24:27-74
activity#gol.four.ldcc.gol.activity.worker.WorkerMenuActivity
ADDED from src\main\AndroidManifest.xml:27:9-72
	android:name
		ADDED from src\main\AndroidManifest.xml:27:19-69
service#gol.four.ldcc.gol.fcm.FCMService
ADDED from src\main\AndroidManifest.xml:30:9-35:19
	android:name
		ADDED from src\main\AndroidManifest.xml:31:13-43
intent-filter#action:name:com.google.firebase.MESSAGING_EVENT
ADDED from src\main\AndroidManifest.xml:32:13-34:29
action#com.google.firebase.MESSAGING_EVENT
ADDED from src\main\AndroidManifest.xml:33:17-78
	android:name
		ADDED from src\main\AndroidManifest.xml:33:25-75
meta-data#firebase_messaging_auto_init_enabled
ADDED from src\main\AndroidManifest.xml:37:9-39:37
	android:value
		ADDED from src\main\AndroidManifest.xml:39:13-34
	android:name
		ADDED from src\main\AndroidManifest.xml:38:13-64
meta-data#firebase_analytics_collection_enabled
ADDED from src\main\AndroidManifest.xml:40:9-42:37
	android:value
		ADDED from src\main\AndroidManifest.xml:42:13-34
	android:name
		ADDED from src\main\AndroidManifest.xml:41:13-65
uses-sdk
INJECTED from src\main\AndroidManifest.xml reason: use-sdk injection requested
INJECTED from src\main\AndroidManifest.xml
INJECTED from src\main\AndroidManifest.xml
MERGED from [com.android.databinding:adapters:3.1.3] AndroidManifest.xml:22:5-44
MERGED from [com.android.databinding:adapters:3.1.3] AndroidManifest.xml:22:5-44
MERGED from [com.android.databinding:library:3.1.3] AndroidManifest.xml:22:5-44
MERGED from [com.android.databinding:library:3.1.3] AndroidManifest.xml:22:5-44
MERGED from [com.android.support:design:28.0.0] AndroidManifest.xml:20:5-44
MERGED from [com.android.support:design:28.0.0] AndroidManifest.xml:20:5-44
MERGED from [com.android.support:appcompat-v7:28.0.0] AndroidManifest.xml:20:5-44
MERGED from [com.android.support:appcompat-v7:28.0.0] AndroidManifest.xml:20:5-44
MERGED from [com.android.support.constraint:constraint-layout:1.1.3] AndroidManifest.xml:5:5-7:41
MERGED from [com.android.support.constraint:constraint-layout:1.1.3] AndroidManifest.xml:5:5-7:41
MERGED from [com.google.firebase:firebase-messaging:17.3.4] AndroidManifest.xml:20:5-44
MERGED from [com.google.firebase:firebase-messaging:17.3.4] AndroidManifest.xml:20:5-44
MERGED from [com.google.firebase:firebase-iid:17.0.4] AndroidManifest.xml:20:5-44
MERGED from [com.google.firebase:firebase-iid:17.0.4] AndroidManifest.xml:20:5-44
MERGED from [com.google.firebase:firebase-common:16.0.3] AndroidManifest.xml:5:5-7:41
MERGED from [com.google.firebase:firebase-common:16.0.3] AndroidManifest.xml:5:5-7:41
MERGED from [com.google.firebase:firebase-iid-interop:16.0.1] AndroidManifest.xml:5:5-44
MERGED from [com.google.firebase:firebase-iid-interop:16.0.1] AndroidManifest.xml:5:5-44
MERGED from [com.google.android.gms:play-services-base:16.0.1] AndroidManifest.xml:20:5-44
MERGED from [com.google.android.gms:play-services-base:16.0.1] AndroidManifest.xml:20:5-44
MERGED from [com.google.android.gms:play-services-tasks:16.0.1] AndroidManifest.xml:5:5-44
MERGED from [com.google.android.gms:play-services-tasks:16.0.1] AndroidManifest.xml:5:5-44
MERGED from [com.google.firebase:firebase-measurement-connector:17.0.1] AndroidManifest.xml:20:5-44
MERGED from [com.google.firebase:firebase-measurement-connector:17.0.1] AndroidManifest.xml:20:5-44
MERGED from [com.google.android.gms:play-services-stats:16.0.1] AndroidManifest.xml:5:5-44
MERGED from [com.google.android.gms:play-services-stats:16.0.1] AndroidManifest.xml:5:5-44
MERGED from [com.google.android.gms:play-services-basement:16.0.1] AndroidManifest.xml:20:5-44
MERGED from [com.google.android.gms:play-services-basement:16.0.1] AndroidManifest.xml:20:5-44
MERGED from [com.android.support:support-v4:28.0.0] AndroidManifest.xml:20:5-44
MERGED from [com.android.support:support-v4:28.0.0] AndroidManifest.xml:20:5-44
MERGED from [com.android.support:support-fragment:28.0.0] AndroidManifest.xml:20:5-44
MERGED from [com.android.support:support-fragment:28.0.0] AndroidManifest.xml:20:5-44
MERGED from [com.android.support:animated-vector-drawable:28.0.0] AndroidManifest.xml:20:5-44
MERGED from [com.android.support:animated-vector-drawable:28.0.0] AndroidManifest.xml:20:5-44
MERGED from [com.android.support:support-vector-drawable:28.0.0] AndroidManifest.xml:20:5-44
MERGED from [com.android.support:support-vector-drawable:28.0.0] AndroidManifest.xml:20:5-44
MERGED from [com.android.support:recyclerview-v7:28.0.0] AndroidManifest.xml:20:5-44
MERGED from [com.android.support:recyclerview-v7:28.0.0] AndroidManifest.xml:20:5-44
MERGED from [com.android.support:support-core-ui:28.0.0] AndroidManifest.xml:20:5-44
MERGED from [com.android.support:support-core-ui:28.0.0] AndroidManifest.xml:20:5-44
MERGED from [com.android.support:transition:28.0.0] AndroidManifest.xml:20:5-44
MERGED from [com.android.support:transition:28.0.0] AndroidManifest.xml:20:5-44
MERGED from [com.android.support:support-core-utils:28.0.0] AndroidManifest.xml:20:5-44
MERGED from [com.android.support:support-core-utils:28.0.0] AndroidManifest.xml:20:5-44
MERGED from [com.android.support:loader:28.0.0] AndroidManifest.xml:20:5-44
MERGED from [com.android.support:loader:28.0.0] AndroidManifest.xml:20:5-44
MERGED from [com.android.support:viewpager:28.0.0] AndroidManifest.xml:20:5-44
MERGED from [com.android.support:viewpager:28.0.0] AndroidManifest.xml:20:5-44
MERGED from [com.android.support:coordinatorlayout:28.0.0] AndroidManifest.xml:20:5-44
MERGED from [com.android.support:coordinatorlayout:28.0.0] AndroidManifest.xml:20:5-44
MERGED from [com.android.support:drawerlayout:28.0.0] AndroidManifest.xml:20:5-44
MERGED from [com.android.support:drawerlayout:28.0.0] AndroidManifest.xml:20:5-44
MERGED from [com.android.support:slidingpanelayout:28.0.0] AndroidManifest.xml:20:5-44
MERGED from [com.android.support:slidingpanelayout:28.0.0] AndroidManifest.xml:20:5-44
MERGED from [com.android.support:customview:28.0.0] AndroidManifest.xml:20:5-44
MERGED from [com.android.support:customview:28.0.0] AndroidManifest.xml:20:5-44
MERGED from [com.android.support:swiperefreshlayout:28.0.0] AndroidManifest.xml:20:5-44
MERGED from [com.android.support:swiperefreshlayout:28.0.0] AndroidManifest.xml:20:5-44
MERGED from [com.android.support:asynclayoutinflater:28.0.0] AndroidManifest.xml:20:5-44
MERGED from [com.android.support:asynclayoutinflater:28.0.0] AndroidManifest.xml:20:5-44
MERGED from [com.android.support:support-media-compat:28.0.0] AndroidManifest.xml:20:5-44
MERGED from [com.android.support:support-media-compat:28.0.0] AndroidManifest.xml:20:5-44
MERGED from [com.android.support:support-compat:28.0.0] AndroidManifest.xml:20:5-44
MERGED from [com.android.support:support-compat:28.0.0] AndroidManifest.xml:20:5-44
MERGED from [android.arch.lifecycle:runtime:1.1.1] AndroidManifest.xml:20:5-44
MERGED from [android.arch.lifecycle:runtime:1.1.1] AndroidManifest.xml:20:5-44
MERGED from [com.android.support:versionedparcelable:28.0.0] AndroidManifest.xml:20:5-44
MERGED from [com.android.support:versionedparcelable:28.0.0] AndroidManifest.xml:20:5-44
MERGED from [com.android.support:cursoradapter:28.0.0] AndroidManifest.xml:20:5-44
MERGED from [com.android.support:cursoradapter:28.0.0] AndroidManifest.xml:20:5-44
MERGED from [com.android.support:cardview-v7:28.0.0] AndroidManifest.xml:20:5-44
MERGED from [com.android.support:cardview-v7:28.0.0] AndroidManifest.xml:20:5-44
MERGED from [android.arch.lifecycle:viewmodel:1.1.1] AndroidManifest.xml:20:5-44
MERGED from [android.arch.lifecycle:viewmodel:1.1.1] AndroidManifest.xml:20:5-44
MERGED from [com.android.support:interpolator:28.0.0] AndroidManifest.xml:20:5-44
MERGED from [com.android.support:interpolator:28.0.0] AndroidManifest.xml:20:5-44
MERGED from [android.arch.lifecycle:livedata:1.1.1] AndroidManifest.xml:20:5-44
MERGED from [android.arch.lifecycle:livedata:1.1.1] AndroidManifest.xml:20:5-44
MERGED from [android.arch.lifecycle:livedata-core:1.1.1] AndroidManifest.xml:20:5-44
MERGED from [android.arch.lifecycle:livedata-core:1.1.1] AndroidManifest.xml:20:5-44
MERGED from [android.arch.core:runtime:1.1.1] AndroidManifest.xml:20:5-44
MERGED from [android.arch.core:runtime:1.1.1] AndroidManifest.xml:20:5-44
MERGED from [com.android.support:documentfile:28.0.0] AndroidManifest.xml:20:5-44
MERGED from [com.android.support:documentfile:28.0.0] AndroidManifest.xml:20:5-44
MERGED from [com.android.support:localbroadcastmanager:28.0.0] AndroidManifest.xml:20:5-44
MERGED from [com.android.support:localbroadcastmanager:28.0.0] AndroidManifest.xml:20:5-44
MERGED from [com.android.support:print:28.0.0] AndroidManifest.xml:20:5-44
MERGED from [com.android.support:print:28.0.0] AndroidManifest.xml:20:5-44
INJECTED from src\main\AndroidManifest.xml
INJECTED from src\main\AndroidManifest.xml
	android:targetSdkVersion
		INJECTED from src\main\AndroidManifest.xml
		ADDED from src\main\AndroidManifest.xml
		INJECTED from src\main\AndroidManifest.xml
	android:minSdkVersion
		INJECTED from src\main\AndroidManifest.xml
		ADDED from src\main\AndroidManifest.xml
		INJECTED from src\main\AndroidManifest.xml
service#com.google.firebase.messaging.FirebaseMessagingService
ADDED from [com.google.firebase:firebase-messaging:17.3.4] AndroidManifest.xml:28:9-34:19
	android:exported
		ADDED from [com.google.firebase:firebase-messaging:17.3.4] AndroidManifest.xml:30:13-36
	android:name
		ADDED from [com.google.firebase:firebase-messaging:17.3.4] AndroidManifest.xml:29:13-82
uses-permission#android.permission.ACCESS_NETWORK_STATE
ADDED from [com.google.firebase:firebase-iid:17.0.4] AndroidManifest.xml:22:5-79
	android:name
		ADDED from [com.google.firebase:firebase-iid:17.0.4] AndroidManifest.xml:22:22-76
uses-permission#android.permission.WAKE_LOCK
ADDED from [com.google.firebase:firebase-iid:17.0.4] AndroidManifest.xml:24:5-68
	android:name
		ADDED from [com.google.firebase:firebase-iid:17.0.4] AndroidManifest.xml:24:22-65
uses-permission#com.google.android.c2dm.permission.RECEIVE
ADDED from [com.google.firebase:firebase-iid:17.0.4] AndroidManifest.xml:26:5-82
	android:name
		ADDED from [com.google.firebase:firebase-iid:17.0.4] AndroidManifest.xml:26:22-79
service#com.google.firebase.components.ComponentDiscoveryService
ADDED from [com.google.firebase:firebase-iid:17.0.4] AndroidManifest.xml:29:9-35:19
	android:exported
		ADDED from [com.google.firebase:firebase-iid:17.0.4] AndroidManifest.xml:31:13-37
	android:name
		ADDED from [com.google.firebase:firebase-iid:17.0.4] AndroidManifest.xml:30:13-84
meta-data#com.google.firebase.components:com.google.firebase.iid.Registrar
ADDED from [com.google.firebase:firebase-iid:17.0.4] AndroidManifest.xml:32:13-34:85
	android:value
		ADDED from [com.google.firebase:firebase-iid:17.0.4] AndroidManifest.xml:34:17-82
	android:name
		ADDED from [com.google.firebase:firebase-iid:17.0.4] AndroidManifest.xml:33:17-96
receiver#com.google.firebase.iid.FirebaseInstanceIdReceiver
ADDED from [com.google.firebase:firebase-iid:17.0.4] AndroidManifest.xml:37:9-44:20
	android:exported
		ADDED from [com.google.firebase:firebase-iid:17.0.4] AndroidManifest.xml:39:13-36
	android:permission
		ADDED from [com.google.firebase:firebase-iid:17.0.4] AndroidManifest.xml:40:13-73
	android:name
		ADDED from [com.google.firebase:firebase-iid:17.0.4] AndroidManifest.xml:38:13-78
intent-filter#action:name:com.google.android.c2dm.intent.RECEIVE
ADDED from [com.google.firebase:firebase-iid:17.0.4] AndroidManifest.xml:41:13-43:29
action#com.google.android.c2dm.intent.RECEIVE
ADDED from [com.google.firebase:firebase-iid:17.0.4] AndroidManifest.xml:42:17-81
	android:name
		ADDED from [com.google.firebase:firebase-iid:17.0.4] AndroidManifest.xml:42:25-78
service#com.google.firebase.iid.FirebaseInstanceIdService
ADDED from [com.google.firebase:firebase-iid:17.0.4] AndroidManifest.xml:50:9-56:19
	android:exported
		ADDED from [com.google.firebase:firebase-iid:17.0.4] AndroidManifest.xml:52:13-36
	android:name
		ADDED from [com.google.firebase:firebase-iid:17.0.4] AndroidManifest.xml:51:13-77
intent-filter#action:name:com.google.firebase.INSTANCE_ID_EVENT
ADDED from [com.google.firebase:firebase-iid:17.0.4] AndroidManifest.xml:53:13-55:29
	android:priority
		ADDED from [com.google.firebase:firebase-iid:17.0.4] AndroidManifest.xml:53:28-51
action#com.google.firebase.INSTANCE_ID_EVENT
ADDED from [com.google.firebase:firebase-iid:17.0.4] AndroidManifest.xml:54:17-80
	android:name
		ADDED from [com.google.firebase:firebase-iid:17.0.4] AndroidManifest.xml:54:25-77
provider#com.google.firebase.provider.FirebaseInitProvider
ADDED from [com.google.firebase:firebase-common:16.0.3] AndroidManifest.xml:10:9-14:39
	android:authorities
		ADDED from [com.google.firebase:firebase-common:16.0.3] AndroidManifest.xml:12:13-72
	android:exported
		ADDED from [com.google.firebase:firebase-common:16.0.3] AndroidManifest.xml:13:13-37
	android:initOrder
		ADDED from [com.google.firebase:firebase-common:16.0.3] AndroidManifest.xml:14:13-36
	android:name
		ADDED from [com.google.firebase:firebase-common:16.0.3] AndroidManifest.xml:11:13-77
activity#com.google.android.gms.common.api.GoogleApiActivity
ADDED from [com.google.android.gms:play-services-base:16.0.1] AndroidManifest.xml:23:9-26:75
	android:exported
		ADDED from [com.google.android.gms:play-services-base:16.0.1] AndroidManifest.xml:25:13-37
	android:theme
		ADDED from [com.google.android.gms:play-services-base:16.0.1] AndroidManifest.xml:26:13-72
	android:name
		ADDED from [com.google.android.gms:play-services-base:16.0.1] AndroidManifest.xml:24:13-79
meta-data#com.google.android.gms.version
ADDED from [com.google.android.gms:play-services-basement:16.0.1] AndroidManifest.xml:23:9-25:69
	android:value
		ADDED from [com.google.android.gms:play-services-basement:16.0.1] AndroidManifest.xml:25:13-66
	android:name
		ADDED from [com.google.android.gms:play-services-basement:16.0.1] AndroidManifest.xml:24:13-58